[2024-10-16 20:45:33,715] 24 root - INFO - Data ingestion started
[2024-10-16 20:45:33,739] 28 root - INFO - Successfully read the data from the dataset
[2024-10-16 20:45:33,797] 33 root - INFO - Successfully saved the raw data in the artifacts folder
[2024-10-16 20:45:33,798] 35 root - INFO - Performing train-test split
[2024-10-16 20:45:33,804] 37 root - INFO - Train-test split completed
[2024-10-16 20:45:33,849] 42 root - INFO - Successfully saved the train and test data in the artifacts folder
[2024-10-16 20:45:33,849] 44 root - INFO - Data ingestion part completed
[2024-10-16 20:45:34,096] 92 root - INFO - Read train and test data successfully.
[2024-10-16 20:45:34,096] 95 root - INFO - Starting Feature Engineering.
[2024-10-16 20:45:34,184] 128 root - INFO - Feature Engineering completed successfully.
[2024-10-16 20:45:34,186] 140 root - INFO - Separated input features and target feature.
[2024-10-16 20:45:34,186] 38 root - INFO - Data Transformation initiated.
[2024-10-16 20:45:34,186] 68 root - INFO - Preprocessing Pipeline Created Successfully.
[2024-10-16 20:45:34,245] 149 root - INFO - Applied preprocessing on train and test data.
[2024-10-16 20:45:34,246] 155 root - INFO - Created the final train and test arrays.
[2024-10-16 20:45:34,248] 25 root - INFO - Object saved successfully at artifacts\preprocessor.pkl
[2024-10-16 20:45:34,248] 163 root - INFO - Preprocessing object saved successfully.
[2024-10-16 20:45:34,249] 24 root - INFO - Splitting Dependent and Independent variables from train and test data
[2024-10-16 20:45:34,265] 54 root - INFO - Model: LinearRegression, R2 Score: 61.58%
[2024-10-16 20:45:34,736] 54 root - INFO - Model: Lasso, R2 Score: 61.61%
[2024-10-16 20:45:34,742] 54 root - INFO - Model: Ridge, R2 Score: 61.56%
[2024-10-16 20:45:34,750] 54 root - INFO - Model: ElasticNet, R2 Score: 43.99%
[2024-10-16 20:45:40,670] 54 root - INFO - Model: RandomForestRegressor, R2 Score: 80.99%
[2024-10-16 20:45:40,672] 46 root - INFO - Model Report : {'LinearRegression': 0.6157836928971893, 'Lasso': 0.6160910524127869, 'Ridge': 0.61564521110292, 'ElasticNet': 0.43987359037177487, 'RandomForestRegressor': 0.8099229330102805}
[2024-10-16 20:45:40,674] 55 root - INFO - Best Model Found, Model Name: RandomForestRegressor, R2 Score: 80.99%
[2024-10-16 20:45:40,880] 25 root - INFO - Object saved successfully at artifacts\model.pkl
